  AudioSystem.cpp
  Clock.cpp
  DevConsole.cpp
  EngineCommon.cpp
  EventSystem.cpp
  HeatMaps.cpp
  NamedStrings.cpp
  RaycastUtils.cpp
  Rgba8.cpp
  VertexUtils.cpp
  Vertex_PCU.cpp
  XmlUtils.cpp
  AnalogJoystick.cpp
  InputSystem.cpp
  XboxController.cpp
  AABB2.cpp
  AABB3.cpp
  Capsule2.cpp
  EulerAngles.cpp
  IntVec2.cpp
  Compiling...
  IntVec3.cpp
  LineSegment2.cpp
  Mat44.cpp
  MathUtils.cpp
  OBB2.cpp
  OBB3.cpp
  Plane3.cpp
  Spline.cpp
  Vec2.cpp
  Vec3.cpp
  Vec4.cpp
  BitmapFont.cpp
  Camera.cpp
  ConstantBuffer.cpp
  DebugRender.cpp
  IndexBuffer.cpp
  Renderer.cpp
  Shader.cpp
  SpriteAnimDefinition.cpp
  SpriteDefinition.cpp
  Compiling...
  SpriteSheet.cpp
  Texture.cpp
  VertexBuffer.cpp
  Window.cpp
  Engine.vcxproj -> D:\p4\Personal\SD\Doomenstein\Temporary\Engine_x64_Release\Engine.lib
