d:\p4\personal\sd\doomenstein\temporary\doomenstein_x64_debug\vc142.pdb
d:\p4\personal\sd\doomenstein\temporary\doomenstein_x64_debug\vc142.idb
d:\p4\personal\sd\doomenstein\temporary\doomenstein_x64_debug\map.obj
d:\p4\personal\sd\doomenstein\temporary\doomenstein_x64_debug\game.obj
d:\p4\personal\sd\doomenstein\temporary\doomenstein_x64_debug\weapon.obj
d:\p4\personal\sd\doomenstein\temporary\doomenstein_x64_debug\tile.obj
d:\p4\personal\sd\doomenstein\temporary\doomenstein_x64_debug\playercontroller.obj
d:\p4\personal\sd\doomenstein\temporary\doomenstein_x64_debug\controller.obj
d:\p4\personal\sd\doomenstein\temporary\doomenstein_x64_debug\actor.obj
d:\p4\personal\sd\doomenstein\temporary\doomenstein_x64_debug\aicontroller.obj
d:\p4\personal\sd\doomenstein\temporary\doomenstein_x64_debug\app.obj
d:\p4\personal\sd\doomenstein\temporary\doomenstein_x64_debug\main_windows.obj
d:\p4\personal\sd\doomenstein\temporary\doomenstein_x64_debug\gamecommon.obj
d:\p4\personal\sd\doomenstein\temporary\doomenstein_x64_debug\fishaicontroller.obj
d:\p4\personal\sd\doomenstein\temporary\doomenstein_x64_debug\doomenstein_debug_x64.exe
d:\p4\personal\sd\doomenstein\temporary\doomenstein_x64_debug\doomenstein_debug_x64.ilk
d:\p4\personal\sd\doomenstein\temporary\doomenstein_x64_debug\doomenstein_debug_x64.pdb
d:\p4\personal\sd\doomenstein\temporary\doomenstein_x64_debug\map.obj.enc
d:\p4\personal\sd\doomenstein\temporary\doomenstein_x64_debug\doomenstein.tlog\cl.command.1.tlog
d:\p4\personal\sd\doomenstein\temporary\doomenstein_x64_debug\doomenstein.tlog\cl.read.1.tlog
d:\p4\personal\sd\doomenstein\temporary\doomenstein_x64_debug\doomenstein.tlog\cl.write.1.tlog
d:\p4\personal\sd\doomenstein\temporary\doomenstein_x64_debug\doomenstein.tlog\link.command.1.tlog
d:\p4\personal\sd\doomenstein\temporary\doomenstein_x64_debug\doomenstein.tlog\link.read.1.tlog
d:\p4\personal\sd\doomenstein\temporary\doomenstein_x64_debug\doomenstein.tlog\link.write.1.tlog
