d:\p4\personal\sd\doomenstein\temporary\doomenstein_x64_release\vc142.pdb
d:\p4\personal\sd\doomenstein\temporary\doomenstein_x64_release\weapon.obj
d:\p4\personal\sd\doomenstein\temporary\doomenstein_x64_release\tile.obj
d:\p4\personal\sd\doomenstein\temporary\doomenstein_x64_release\playercontroller.obj
d:\p4\personal\sd\doomenstein\temporary\doomenstein_x64_release\map.obj
d:\p4\personal\sd\doomenstein\temporary\doomenstein_x64_release\main_windows.obj
d:\p4\personal\sd\doomenstein\temporary\doomenstein_x64_release\gamecommon.obj
d:\p4\personal\sd\doomenstein\temporary\doomenstein_x64_release\game.obj
d:\p4\personal\sd\doomenstein\temporary\doomenstein_x64_release\fishaicontroller.obj
d:\p4\personal\sd\doomenstein\temporary\doomenstein_x64_release\controller.obj
d:\p4\personal\sd\doomenstein\temporary\doomenstein_x64_release\app.obj
d:\p4\personal\sd\doomenstein\temporary\doomenstein_x64_release\aicontroller.obj
d:\p4\personal\sd\doomenstein\temporary\doomenstein_x64_release\actor.obj
d:\p4\personal\sd\doomenstein\temporary\doomenstein_x64_release\doomenstein_release_x64.ipdb
d:\p4\personal\sd\doomenstein\temporary\doomenstein_x64_release\doomenstein_release_x64.iobj
d:\p4\personal\sd\doomenstein\temporary\doomenstein_x64_release\doomenstein_release_x64.exe
d:\p4\personal\sd\doomenstein\temporary\doomenstein_x64_release\doomenstein_release_x64.pdb
d:\p4\personal\sd\doomenstein\temporary\doomenstein_x64_release\doomenstein.tlog\cl.command.1.tlog
d:\p4\personal\sd\doomenstein\temporary\doomenstein_x64_release\doomenstein.tlog\cl.read.1.tlog
d:\p4\personal\sd\doomenstein\temporary\doomenstein_x64_release\doomenstein.tlog\cl.write.1.tlog
d:\p4\personal\sd\doomenstein\temporary\doomenstein_x64_release\doomenstein.tlog\doomenstein.write.1u.tlog
d:\p4\personal\sd\doomenstein\temporary\doomenstein_x64_release\doomenstein.tlog\link.command.1.tlog
d:\p4\personal\sd\doomenstein\temporary\doomenstein_x64_release\doomenstein.tlog\link.read.1.tlog
d:\p4\personal\sd\doomenstein\temporary\doomenstein_x64_release\doomenstein.tlog\link.write.1.tlog
